[drank.cc/index.html]
[drank.cc/style.css]
[drank.cc/pic.png]
[backblue.gif]
[fade.gif]
[index.html]
[drank.cc/audio.mp3]
[drank.cc/assets/main/default.mp4]
[drank.cc/assets/js/particles.js]
[drank.cc/assets/js/app.js]
[drank.cc/assets/js/dev.js]
[drank.cc/assets/js/title.js]
[drank.cc/assets/main/pic.png]
[drank.cc/soon.html]
[drank.cc/devlog.html]
[drank.cc/status.html]
[drank.cc/index.html]
[drank.cc/style.css]
[drank.cc/assets/main/default.html]
[drank.cc/soon.html]
[drank.cc/devlog.html]
[drank.cc/status.html]
